
Showing logs for build [32mcb-kubecd-environment-pr-205-14-vhm6w-1[0m stage [32mfrom-build-pack[0m and container [32mstep-credential-initializer-gxkrm[0m
{"level":"info","ts":1587200730.3472095,"logger":"fallback-logger","caller":"logging/config.go:69","msg":"Fetch GitHub commit ID from kodata failed: open /var/run/ko/refs/heads/0.8.0-ns-support: no such file or directory"}
{"level":"info","ts":1587200730.3480358,"logger":"fallback-logger","caller":"creds-init/main.go:40","msg":"Credentials initialized."}

Showing logs for build [32mcb-kubecd-environment-pr-205-14-vhm6w-1[0m stage [32mfrom-build-pack[0m and container [32mstep-working-dir-initializer-f5jml[0m
{"level":"info","ts":1587200731.3637438,"logger":"fallback-logger","caller":"logging/config.go:69","msg":"Fetch GitHub commit ID from kodata failed: open /var/run/ko/HEAD: no such file or directory"}
{"level":"info","ts":1587200731.3653283,"logger":"fallback-logger","caller":"bash/main.go:64","msg":"Successfully executed command \"sh -c mkdir -p /workspace/source\"; output "}

Showing logs for build [32mcb-kubecd-environment-pr-205-14-vhm6w-1[0m stage [32mfrom-build-pack[0m and container [32mstep-place-tools[0m

Showing logs for build [32mcb-kubecd-environment-pr-205-14-vhm6w-1[0m stage [32mfrom-build-pack[0m and container [32mstep-git-source-cb-kubecd-environment-pr-205-14-vhm6w-r7rf9[0m
{"level":"info","ts":1587200735.4697342,"logger":"fallback-logger","caller":"logging/config.go:69","msg":"Fetch GitHub commit ID from kodata failed: open /var/run/ko/refs/heads/0.8.0-ns-support: no such file or directory"}
{"level":"info","ts":1587200736.5420175,"logger":"fallback-logger","caller":"git/git.go:103","msg":"Successfully cloned https://github.com/cb-kubecd/environment-pr-205-14-boot-vault-gke-staging.git @ master in path /workspace/source"}

Showing logs for build [32mcb-kubecd-environment-pr-205-14-vhm6w-1[0m stage [32mfrom-build-pack[0m and container [32mstep-git-merge[0m
Using SHAs from PULL_REFS=master:9ff4fd833ba12279dfe388cdd2400c8b3ecaf636,2:839b5100d5ee8b87b79fd077819bfd81cb501398
DEBUG: JX_LOG_LEVEL=error LC_ALL=C git fetch origin --unshallow 839b5100d5ee8b87b79fd077819bfd81cb501398: 9ff4fd833ba12279dfe388cdd2400c8b3ecaf636:
DEBUG: ran git fetch --unshallow origin 839b5100d5ee8b87b79fd077819bfd81cb501398: 9ff4fd833ba12279dfe388cdd2400c8b3ecaf636: in 
DEBUG: LC_ALL=C JX_LOG_LEVEL=error git branch
DEBUG: LC_ALL=C JX_LOG_LEVEL=error git checkout master
DEBUG: ran git checkout master in 
DEBUG: LC_ALL=C JX_LOG_LEVEL=error git reset --hard 9ff4fd833ba12279dfe388cdd2400c8b3ecaf636
DEBUG: ran git reset --hard 9ff4fd833ba12279dfe388cdd2400c8b3ecaf636 in 
DEBUG: LC_ALL=C JX_LOG_LEVEL=error git clean -fd .
DEBUG: ran clean --force -d . in 
DEBUG: LC_ALL=C JX_LOG_LEVEL=error git merge 839b5100d5ee8b87b79fd077819bfd81cb501398
DEBUG: ran git merge 839b5100d5ee8b87b79fd077819bfd81cb501398 in 
DEBUG: LC_ALL=C JX_LOG_LEVEL=error git log --format=%H%x1f%an%x1f%ae%x1f%cn%x1f%ce%x1f%s%n%b%x1e 9ff4fd833ba12279dfe388cdd2400c8b3ecaf636..HEAD
Merged SHA 839b5100d5ee8b87b79fd077819bfd81cb501398 with commit message 'chore: Promote bdd-nh-1587200429 to version 0.0.1' into base branch master

Showing logs for build [32mcb-kubecd-environment-pr-205-14-vhm6w-1[0m stage [32mfrom-build-pack[0m and container [32mstep-build-helm-build[0m
WARNING: No $CHART_REPOSITORY defined so using the default value of: http://jenkins-x-chartmuseum:8080
Adding missing Helm repo: storage.googleapis.com https://storage.googleapis.com/chartmuseum.jenkins-x.io
WARNING: No secrets found on "helm/repos" due: reading the secret "helm/repos" from vault: no secret "helm/repos" not found in vault
Read credentials for https://storage.googleapis.com/chartmuseum.jenkins-x.io from vault helm/repos
Successfully added Helm repository storage.googleapis.com.
Adding missing Helm repo: jenkins-x-chartmuseum http://jenkins-x-chartmuseum:8080
WARNING: No secrets found on "helm/repos" due: reading the secret "helm/repos" from vault: no secret "helm/repos" not found in vault
Read credentials for http://jenkins-x-chartmuseum:8080 from vault helm/repos
Successfully added Helm repository jenkins-x-chartmuseum.
WARNING: No $CHART_REPOSITORY defined so using the default value of: http://jenkins-x-chartmuseum:8080
Adding missing Helm repo: chartmuseum.jenkins-x.io http://chartmuseum.jenkins-x.io
WARNING: No secrets found on "helm/repos" due: reading the secret "helm/repos" from vault: no secret "helm/repos" not found in vault
Read credentials for http://chartmuseum.jenkins-x.io from vault helm/repos
Successfully added Helm repository chartmuseum.jenkins-x.io.
